<?xml version="1.0" encoding="UTF-8"?>
<!-- Generated by org.testng.reporters.JUnitXMLReporter -->
<testsuite hostname="LAPTOP-0OQSTN0H" ignored="0" name="Default test" tests="6" failures="0" timestamp="15 Aug 2018 18:49:33 GMT" time="0.378" errors="0">
  <testcase name="login" time="0.005" classname="com.dataprovider_newframework_pkg.test_cases"/>
  <testcase name="login" time="0.001" classname="com.dataprovider_newframework_pkg.test_cases"/>
  <testcase name="login" time="0.001" classname="com.dataprovider_newframework_pkg.test_cases"/>
  <testcase name="open_article" time="0.001" classname="com.dataprovider_newframework_pkg.test_cases"/>
  <testcase name="open_article" time="0.001" classname="com.dataprovider_newframework_pkg.test_cases"/>
  <testcase name="open_article" time="0.001" classname="com.dataprovider_newframework_pkg.test_cases"/>
</testsuite> <!-- Default test -->
